Ray worker pid: 41046
Exception ignored in: <bound method CassieVis.__del__ of <cassie.cassiemujoco.cassiemujoco.CassieVis object at 0x7f01630e2d30>>
Traceback (most recent call last):
  File "/home/beast/srikar/apex/cassie/cassiemujoco/cassiemujoco.py", line 130, in __del__
    cassie_vis_free(self.v)
AttributeError: 'CassieVis' object has no attribute 'v'
Exception ignored in: <bound method CassieVis.__del__ of <cassie.cassiemujoco.cassiemujoco.CassieVis object at 0x7f01630e2be0>>
Traceback (most recent call last):
  File "/home/beast/srikar/apex/cassie/cassiemujoco/cassiemujoco.py", line 130, in __del__
    cassie_vis_free(self.v)
AttributeError: 'CassieVis' object has no attribute 'v'
Exception ignored in: <bound method CassieVis.__del__ of <cassie.cassiemujoco.cassiemujoco.CassieVis object at 0x7f01630e2d68>>
Traceback (most recent call last):
  File "/home/beast/srikar/apex/cassie/cassiemujoco/cassiemujoco.py", line 130, in __del__
    cassie_vis_free(self.v)
AttributeError: 'CassieVis' object has no attribute 'v'
Traceback (most recent call last):
  File "/home/beast/anaconda3/envs/srikar/lib/python3.6/site-packages/ray/worker.py", line 1034, in _get_next_task_from_raylet
    task = self.raylet_client.get_task()
  File "python/ray/_raylet.pyx", line 245, in ray._raylet.RayletClient.get_task
  File "python/ray/_raylet.pyx", line 60, in ray._raylet.check_status
Exception: [RayletClient] Raylet connection closed.

During handling of the above exception, another exception occurred:

Traceback (most recent call last):
  File "/home/beast/anaconda3/envs/srikar/lib/python3.6/site-packages/ray/workers/default_worker.py", line 98, in <module>
    ray.worker.global_worker.main_loop()
  File "/home/beast/anaconda3/envs/srikar/lib/python3.6/site-packages/ray/worker.py", line 1051, in main_loop
    task = self._get_next_task_from_raylet()
  File "/home/beast/anaconda3/envs/srikar/lib/python3.6/site-packages/ray/worker.py", line 1034, in _get_next_task_from_raylet
    task = self.raylet_client.get_task()
KeyboardInterrupt
